<?xml version="1.0" encoding="utf-8" standalone="no"?>
<test-results xmlns:xsi="http://www.w3.org/2001/XMLSchema-instance" xsi:noNamespaceSchemaLocation="nunit_schema_2.5.xsd" name="Pester" total="8" errors="0" failures="0" not-run="0" inconclusive="0" ignored="0" skipped="0" invalid="0" date="2024-09-27" time="18:49:50">
  <environment clr-version="4.0.30319.42000" user-domain="APPVYR-WIN" cwd="C:\projects\Test-NetHLK" platform="Microsoft Windows Server 2016 Datacenter|C:\Windows|\Device\Harddisk0\Partition4" machine-name="APPVYR-WIN" nunit-version="2.5.8.0" os-version="10.0.14393" user="appveyor" />
  <culture-info current-culture="en-US" current-uiculture="en-US" />
  <test-suite type="TestFixture" name="Pester" executed="True" result="Success" success="True" time="1.5593" asserts="0" description="Pester">
    <results>
      <test-suite type="TestFixture" name="C:\projects\Test-NetHLK\tests\unit\unit.tests.ps1" executed="True" result="Success" success="True" time="1.5593" asserts="0" description="C:\projects\Test-NetHLK\tests\unit\unit.tests.ps1">
        <results>
          <test-suite type="TestFixture" name="c:\projects\Test-NetHLK-Manifest" executed="True" result="Success" success="True" time="1.2866" asserts="0" description="c:\projects\Test-NetHLK-Manifest">
            <results>
              <test-suite type="TestFixture" name="Validation" executed="True" result="Success" success="True" time="0.9898" asserts="0" description="Validation">
                <results>
                  <test-case description="[Manifest] - Test-NetHLK.psd1 exists" name="c:\projects\Test-NetHLK-Manifest.Validation.[Manifest] - Test-NetHLK.psd1 exists" time="0.2943" asserts="0" success="True" result="Success" executed="True" />
                  <test-case description="[Test-Path] - Test-NetHLK.psm1 exists" name="c:\projects\Test-NetHLK-Manifest.Validation.[Test-Path] - Test-NetHLK.psm1 exists" time="0.004" asserts="0" success="True" result="Success" executed="True" />
                  <test-case description="[Manifest Property] - Test-NetHLK.psm1 exists" name="c:\projects\Test-NetHLK-Manifest.Validation.[Manifest Property] - Test-NetHLK.psm1 exists" time="0.0071" asserts="0" success="True" result="Success" executed="True" />
                  <test-case description="[Import-PowerShellDataFile] - Test-NetHLK.psd1 is a valid PowerShell Data File" name="c:\projects\Test-NetHLK-Manifest.Validation.[Import-PowerShellDataFile] - Test-NetHLK.psd1 is a valid PowerShell Data File" time="0.0289" asserts="0" success="True" result="Success" executed="True" />
                  <test-case description="[Test-ModuleManifest] - Test-NetHLK.psd1 should pass the basic test" name="c:\projects\Test-NetHLK-Manifest.Validation.[Test-ModuleManifest] - Test-NetHLK.psd1 should pass the basic test" time="0.0112" asserts="0" success="True" result="Success" executed="True" />
                  <test-case description="Should have an available command: Test-NICAdvancedProperties" name="c:\projects\Test-NetHLK-Manifest.Validation.Should have an available command: Test-NICAdvancedProperties" time="0.0103" asserts="0" success="True" result="Success" executed="True" />
                  <test-case description="Should have an available alias: Test-NICProperties" name="c:\projects\Test-NetHLK-Manifest.Validation.Should have an available alias: Test-NICProperties" time="0.0161" asserts="0" success="True" result="Success" executed="True" />
                  <test-case description="Should have an reference command: Test-NICAdvancedProperties" name="c:\projects\Test-NetHLK-Manifest.Validation.Should have an reference command: Test-NICAdvancedProperties" time="0.0088" asserts="0" success="True" result="Success" executed="True" />
                </results>
              </test-suite>
            </results>
          </test-suite>
        </results>
      </test-suite>
    </results>
  </test-suite>
</test-results>